<?xml version="1.0" encoding="UTF-8"?>
<testsuite name="MyRunner" tests="0" skipped="0" failures="0" errors="0" timestamp="1970-01-01T00:00:00" hostname="Purushothams-MacBook-Pro.local" time="0.0">
  <properties/>
  <system-out><![CDATA[Feature: As a User I should be able to book a flight

  Scenario: User should be able to book a one Way ticket ?[90m# HomePage.feature:2?[0m
    ?[32mGiven ?[0m?[32mUser is on Landing Page?[0m                        ?[90m# StartingSteps.user_is_on_Landing_Page()?[0m
    ?[32mWhen ?[0m?[32mUser chooses to travel by flight?[0m                ?[90m# HomeTest.user_chooses_to_travel_by_flight()?[0m
    ?[32mAnd ?[0m?[32muser enters journey details?[0m                      ?[90m# FlightBookingTest.user_enters_journey_details()?[0m
    ?[32mThen ?[0m?[32muser searches for flights?[0m                       ?[90m# FlightBookingTest.user_searches_for_flights()?[0m

1 Scenarios (?[32m1 passed?[0m)
4 Steps (?[32m4 passed?[0m)
0m17.938s

]]></system-out>
  <system-err><![CDATA[]]></system-err>
</testsuite>
